<?xml version="1.0" encoding="UTF-8" ?>
<testsuite tests="16" failures="0" name="DoublyLinkedList.DoublyLinkedListTest" time="0.006" errors="0" skipped="0">
  <properties>
[...]
</properties>
  <testcase classname="DoublyLinkedList.DoublyLinkedListTest" name="testToArray" time="0.003"/>
  <testcase classname="DoublyLinkedList.DoublyLinkedListTest" name="testSetThrowsIndexOutOfBoundsException" time="0"/>
  <testcase classname="DoublyLinkedList.DoublyLinkedListTest" name="testAdd" time="0"/>
  <testcase classname="DoublyLinkedList.DoublyLinkedListTest" name="testGet" time="0"/>
  <testcase classname="DoublyLinkedList.DoublyLinkedListTest" name="testSet" time="0.001"/>
  <testcase classname="DoublyLinkedList.DoublyLinkedListTest" name="testRemoveIndexThrowsIndexOutOfBoundsException" time="0"/>
  <testcase classname="DoublyLinkedList.DoublyLinkedListTest" name="testClear" time="0"/>
  <testcase classname="DoublyLinkedList.DoublyLinkedListTest" name="testSize" time="0"/>
  <testcase classname="DoublyLinkedList.DoublyLinkedListTest" name="testRemoveIndex" time="0"/>
  <testcase classname="DoublyLinkedList.DoublyLinkedListTest" name="testGetThrowsIndexOutOfBoundsException" time="0"/>
  <testcase classname="DoublyLinkedList.DoublyLinkedListTest" name="testRemoveObjectThrowsNoSuchElementException" time="0"/>
  <testcase classname="DoublyLinkedList.DoublyLinkedListTest" name="testRemoveObject" time="0"/>
  <testcase classname="DoublyLinkedList.DoublyLinkedListTest" name="testContains" time="0.001"/>
  <testcase classname="DoublyLinkedList.DoublyLinkedListTest" name="testIsEmptyReturnsTrue" time="0"/>
  <testcase classname="DoublyLinkedList.DoublyLinkedListTest" name="testAddAll" time="0"/>
  <testcase classname="DoublyLinkedList.DoublyLinkedListTest" name="testIndexOf" time="0.001"/>
</testsuite>